This file contains any messages produced by compilers while
running configure, to aid debugging if configure makes a mistake.

It was created by configure, which was
generated by GNU Autoconf 2.57.  Invocation command line was

  $ ./configure --no-create --no-recursion

## --------- ##
## Platform. ##
## --------- ##

hostname = hoc
uname -m = i686
uname -r = 2.4.21
uname -s = Linux
uname -v = #3 Thu Aug 14 17:49:18 CEST 2003

/usr/bin/uname -p = unknown
/bin/uname -X     = unknown

/bin/arch              = i686
/usr/bin/arch -k       = unknown
/usr/convex/getsysinfo = unknown
hostinfo               = unknown
/bin/machine           = unknown
/usr/bin/oslevel       = unknown
/bin/universe          = unknown

PATH: /bin
PATH: /usr/bin
PATH: /usr/X11R6/bin
PATH: /opt/bin
PATH: /home/jw/bin
PATH: /usr/lib/qt3/bin
PATH: /usr/bin/teTeX
PATH: /usr/lib/java/bin/
PATH: /usr/lib/java/bin/


## ----------- ##
## Core tests. ##
## ----------- ##

configure:1314: checking for a BSD-compatible install
configure:1368: result: /usr/bin/install -c
configure:1379: checking whether build environment is sane
configure:1422: result: yes
configure:1455: checking for gawk
configure:1471: found /usr/bin/gawk
configure:1481: result: gawk
configure:1491: checking whether make sets $(MAKE)
configure:1511: result: yes
configure:1732: checking for g++
configure:1748: found /usr/bin/g++
configure:1758: result: g++
configure:1774: checking for C++ compiler version
configure:1777: g++ --version </dev/null >&5
g++ (GCC) 3.2.3 (CRUX)
Copyright (C) 2002 Free Software Foundation, Inc.
This is free software; see the source for copying conditions.  There is NO
warranty; not even for MERCHANTABILITY or FITNESS FOR A PARTICULAR PURPOSE.

configure:1780: $? = 0
configure:1782: g++ -v </dev/null >&5
Reading specs from /usr/lib/gcc-lib/i686-pc-linux-gnu/3.2.3/specs
Configured with: ../gcc-3.2.3/configure --prefix=/usr --enable-languages=c,c++,objc --enable-threads=posix --enable-__cxa_atexit --enable-shared --disable-nls
Thread model: posix
gcc version 3.2.3 (CRUX)
configure:1785: $? = 0
configure:1787: g++ -V </dev/null >&5
g++: argument to `-V' missing

configure:1790: $? = 1
configure:1814: checking for C++ compiler default output
configure:1817: g++    conftest.cc  >&5
configure:1820: $? = 0
configure:1866: result: a.out
configure:1871: checking whether the C++ compiler works
configure:1877: ./a.out
configure:1880: $? = 0
configure:1897: result: yes
configure:1904: checking whether we are cross compiling
configure:1906: result: no
configure:1909: checking for suffix of executables
configure:1911: g++ -o conftest    conftest.cc  >&5
configure:1914: $? = 0
configure:1939: result: 
configure:1945: checking for suffix of object files
configure:1967: g++ -c   conftest.cc >&5
configure:1970: $? = 0
configure:1992: result: o
configure:1996: checking whether we are using the GNU C++ compiler
configure:2021: g++ -c   conftest.cc >&5
configure:2024: $? = 0
configure:2027: test -s conftest.o
configure:2030: $? = 0
configure:2043: result: yes
configure:2049: checking whether g++ accepts -g
configure:2071: g++ -c -g  conftest.cc >&5
configure:2074: $? = 0
configure:2077: test -s conftest.o
configure:2080: $? = 0
configure:2091: result: yes
configure:2135: g++ -c -g -O2  conftest.cc >&5
configure:2138: $? = 0
configure:2141: test -s conftest.o
configure:2144: $? = 0
configure:2171: g++ -c -g -O2  conftest.cc >&5
configure: In function `int main()':
configure:2168: `exit' undeclared (first use this function)
configure:2168: (Each undeclared identifier is reported only once for each 
   function it appears in.)
configure:2174: $? = 1
configure: failed program was:
| #line 2154 "configure"
| /* confdefs.h.  */
| 
| #define PACKAGE_NAME ""
| #define PACKAGE_TARNAME ""
| #define PACKAGE_VERSION ""
| #define PACKAGE_STRING ""
| #define PACKAGE_BUGREPORT ""
| #define PACKAGE "prt-get"
| #define VERSION "0.5.2pre1"
| /* end confdefs.h.  */
| 
| int
| main ()
| {
| exit (42);
|   ;
|   return 0;
| }
configure:2135: g++ -c -g -O2  conftest.cc >&5
configure:2138: $? = 0
configure:2141: test -s conftest.o
configure:2144: $? = 0
configure:2171: g++ -c -g -O2  conftest.cc >&5
configure:2174: $? = 0
configure:2177: test -s conftest.o
configure:2180: $? = 0
configure:2213: checking for style of include used by make
configure:2241: result: GNU
configure:2269: checking dependency style of g++
configure:2337: result: gcc3
configure:2400: checking for gcc
configure:2416: found /usr/bin/gcc
configure:2426: result: gcc
configure:2670: checking for C compiler version
configure:2673: gcc --version </dev/null >&5
gcc (GCC) 3.2.3 (CRUX)
Copyright (C) 2002 Free Software Foundation, Inc.
This is free software; see the source for copying conditions.  There is NO
warranty; not even for MERCHANTABILITY or FITNESS FOR A PARTICULAR PURPOSE.

configure:2676: $? = 0
configure:2678: gcc -v </dev/null >&5
Reading specs from /usr/lib/gcc-lib/i686-pc-linux-gnu/3.2.3/specs
Configured with: ../gcc-3.2.3/configure --prefix=/usr --enable-languages=c,c++,objc --enable-threads=posix --enable-__cxa_atexit --enable-shared --disable-nls
Thread model: posix
gcc version 3.2.3 (CRUX)
configure:2681: $? = 0
configure:2683: gcc -V </dev/null >&5
gcc: argument to `-V' is missing
configure:2686: $? = 1
configure:2689: checking whether we are using the GNU C compiler
configure:2714: gcc -c   conftest.c >&5
configure:2717: $? = 0
configure:2720: test -s conftest.o
configure:2723: $? = 0
configure:2736: result: yes
configure:2742: checking whether gcc accepts -g
configure:2764: gcc -c -g  conftest.c >&5
configure:2767: $? = 0
configure:2770: test -s conftest.o
configure:2773: $? = 0
configure:2784: result: yes
configure:2801: checking for gcc option to accept ANSI C
configure:2862: gcc  -c -g -O2  conftest.c >&5
configure:2865: $? = 0
configure:2868: test -s conftest.o
configure:2871: $? = 0
configure:2889: result: none needed
configure:2907: gcc -c -g -O2  conftest.c >&5
conftest.c:2: syntax error before "me"
configure:2910: $? = 1
configure: failed program was:
| #ifndef __cplusplus
|   choke me
| #endif
configure:3021: checking dependency style of gcc
configure:3089: result: gcc3
configure:3118: checking for a BSD-compatible install
configure:3172: result: /usr/bin/install -c
configure:3196: checking for dirent.h that defines DIR
configure:3221: gcc -c -g -O2  conftest.c >&5
configure:3224: $? = 0
configure:3227: test -s conftest.o
configure:3230: $? = 0
configure:3241: result: yes
configure:3254: checking for library containing opendir
configure:3285: gcc -o conftest -g -O2   conftest.c  >&5
configure:3288: $? = 0
configure:3291: test -s conftest
configure:3294: $? = 0
configure:3353: result: none required
configure:3474: checking how to run the C preprocessor
configure:3510: gcc -E  conftest.c
configure:3516: $? = 0
configure:3548: gcc -E  conftest.c
configure:3553:28: ac_nonexistent.h: No such file or directory
configure:3554: $? = 1
configure: failed program was:
| #line 3539 "configure"
| /* confdefs.h.  */
| 
| #define PACKAGE_NAME ""
| #define PACKAGE_TARNAME ""
| #define PACKAGE_VERSION ""
| #define PACKAGE_STRING ""
| #define PACKAGE_BUGREPORT ""
| #define PACKAGE "prt-get"
| #define VERSION "0.5.2pre1"
| #ifdef __cplusplus
| #include <stdlib.h>
| #endif
| #define HAVE_DIRENT_H 1
| /* end confdefs.h.  */
| #include <ac_nonexistent.h>
configure:3592: result: gcc -E
configure:3617: gcc -E  conftest.c
configure:3623: $? = 0
configure:3655: gcc -E  conftest.c
configure:3660:28: ac_nonexistent.h: No such file or directory
configure:3661: $? = 1
configure: failed program was:
| #line 3646 "configure"
| /* confdefs.h.  */
| 
| #define PACKAGE_NAME ""
| #define PACKAGE_TARNAME ""
| #define PACKAGE_VERSION ""
| #define PACKAGE_STRING ""
| #define PACKAGE_BUGREPORT ""
| #define PACKAGE "prt-get"
| #define VERSION "0.5.2pre1"
| #ifdef __cplusplus
| #include <stdlib.h>
| #endif
| #define HAVE_DIRENT_H 1
| /* end confdefs.h.  */
| #include <ac_nonexistent.h>
configure:3704: checking for egrep
configure:3714: result: grep -E
configure:3719: checking for ANSI C header files
configure:3745: gcc -c -g -O2  conftest.c >&5
configure:3748: $? = 0
configure:3751: test -s conftest.o
configure:3754: $? = 0
configure:3843: gcc -o conftest -g -O2   conftest.c  >&5
configure:3846: $? = 0
configure:3848: ./conftest
configure:3851: $? = 0
configure:3866: result: yes
configure:3890: checking for sys/types.h
configure:3907: gcc -c -g -O2  conftest.c >&5
configure:3910: $? = 0
configure:3913: test -s conftest.o
configure:3916: $? = 0
configure:3927: result: yes
configure:3890: checking for sys/stat.h
configure:3907: gcc -c -g -O2  conftest.c >&5
configure:3910: $? = 0
configure:3913: test -s conftest.o
configure:3916: $? = 0
configure:3927: result: yes
configure:3890: checking for stdlib.h
configure:3907: gcc -c -g -O2  conftest.c >&5
configure:3910: $? = 0
configure:3913: test -s conftest.o
configure:3916: $? = 0
configure:3927: result: yes
configure:3890: checking for string.h
configure:3907: gcc -c -g -O2  conftest.c >&5
configure:3910: $? = 0
configure:3913: test -s conftest.o
configure:3916: $? = 0
configure:3927: result: yes
configure:3890: checking for memory.h
configure:3907: gcc -c -g -O2  conftest.c >&5
configure:3910: $? = 0
configure:3913: test -s conftest.o
configure:3916: $? = 0
configure:3927: result: yes
configure:3890: checking for strings.h
configure:3907: gcc -c -g -O2  conftest.c >&5
configure:3910: $? = 0
configure:3913: test -s conftest.o
configure:3916: $? = 0
configure:3927: result: yes
configure:3890: checking for inttypes.h
configure:3907: gcc -c -g -O2  conftest.c >&5
configure:3910: $? = 0
configure:3913: test -s conftest.o
configure:3916: $? = 0
configure:3927: result: yes
configure:3890: checking for stdint.h
configure:3907: gcc -c -g -O2  conftest.c >&5
configure:3910: $? = 0
configure:3913: test -s conftest.o
configure:3916: $? = 0
configure:3927: result: yes
configure:3890: checking for unistd.h
configure:3907: gcc -c -g -O2  conftest.c >&5
configure:3910: $? = 0
configure:3913: test -s conftest.o
configure:3916: $? = 0
configure:3927: result: yes
configure:3953: checking for unistd.h
configure:3958: result: yes
configure:3962: checking stdio.h usability
configure:3975: gcc -c -g -O2  conftest.c >&5
configure:3978: $? = 0
configure:3981: test -s conftest.o
configure:3984: $? = 0
configure:3994: result: yes
configure:3998: checking stdio.h presence
configure:4009: gcc -E  conftest.c
configure:4015: $? = 0
configure:4034: result: yes
configure:4070: checking for stdio.h
configure:4077: result: yes
configure:3953: checking for sys/types.h
configure:3958: result: yes
configure:3953: checking for sys/stat.h
configure:3958: result: yes
configure:3962: checking fnmatch.h usability
configure:3975: gcc -c -g -O2  conftest.c >&5
configure:3978: $? = 0
configure:3981: test -s conftest.o
configure:3984: $? = 0
configure:3994: result: yes
configure:3998: checking fnmatch.h presence
configure:4009: gcc -E  conftest.c
configure:4015: $? = 0
configure:4034: result: yes
configure:4070: checking for fnmatch.h
configure:4077: result: yes
configure:3962: checking dirent.h usability
configure:3975: gcc -c -g -O2  conftest.c >&5
configure:3978: $? = 0
configure:3981: test -s conftest.o
configure:3984: $? = 0
configure:3994: result: yes
configure:3998: checking dirent.h presence
configure:4009: gcc -E  conftest.c
configure:4015: $? = 0
configure:4034: result: yes
configure:4070: checking for dirent.h
configure:4077: result: yes
configure:3962: checking fcntl.h usability
configure:3975: gcc -c -g -O2  conftest.c >&5
configure:3978: $? = 0
configure:3981: test -s conftest.o
configure:3984: $? = 0
configure:3994: result: yes
configure:3998: checking fcntl.h presence
configure:4009: gcc -E  conftest.c
configure:4015: $? = 0
configure:4034: result: yes
configure:4070: checking for fcntl.h
configure:4077: result: yes
configure:3962: checking signal.h usability
configure:3975: gcc -c -g -O2  conftest.c >&5
configure:3978: $? = 0
configure:3981: test -s conftest.o
configure:3984: $? = 0
configure:3994: result: yes
configure:3998: checking signal.h presence
configure:4009: gcc -E  conftest.c
configure:4015: $? = 0
configure:4034: result: yes
configure:4070: checking for signal.h
configure:4077: result: yes
configure:4097: checking for an ANSI C-conforming const
configure:4165: gcc -c -g -O2   conftest.c >&5
configure:4168: $? = 0
configure:4171: test -s conftest.o
configure:4174: $? = 0
configure:4185: result: yes
configure:4317: creating ./config.status

## ---------------- ##
## Cache variables. ##
## ---------------- ##

ac_cv_c_compiler_gnu=yes
ac_cv_c_const=yes
ac_cv_cxx_compiler_gnu=yes
ac_cv_env_CC_set=
ac_cv_env_CC_value=
ac_cv_env_CFLAGS_set=
ac_cv_env_CFLAGS_value=
ac_cv_env_CPPFLAGS_set=
ac_cv_env_CPPFLAGS_value=
ac_cv_env_CPP_set=
ac_cv_env_CPP_value=
ac_cv_env_CXXFLAGS_set=
ac_cv_env_CXXFLAGS_value=
ac_cv_env_CXX_set=
ac_cv_env_CXX_value=
ac_cv_env_LDFLAGS_set=
ac_cv_env_LDFLAGS_value=
ac_cv_env_build_alias_set=
ac_cv_env_build_alias_value=
ac_cv_env_host_alias_set=
ac_cv_env_host_alias_value=
ac_cv_env_target_alias_set=
ac_cv_env_target_alias_value=
ac_cv_exeext=
ac_cv_header_dirent_dirent_h=yes
ac_cv_header_dirent_h=yes
ac_cv_header_fcntl_h=yes
ac_cv_header_fnmatch_h=yes
ac_cv_header_inttypes_h=yes
ac_cv_header_memory_h=yes
ac_cv_header_signal_h=yes
ac_cv_header_stdc=yes
ac_cv_header_stdint_h=yes
ac_cv_header_stdio_h=yes
ac_cv_header_stdlib_h=yes
ac_cv_header_string_h=yes
ac_cv_header_strings_h=yes
ac_cv_header_sys_stat_h=yes
ac_cv_header_sys_types_h=yes
ac_cv_header_unistd_h=yes
ac_cv_objext=o
ac_cv_path_install='/usr/bin/install -c'
ac_cv_prog_AWK=gawk
ac_cv_prog_CPP='gcc -E'
ac_cv_prog_ac_ct_CC=gcc
ac_cv_prog_ac_ct_CXX=g++
ac_cv_prog_cc_g=yes
ac_cv_prog_cc_stdc=
ac_cv_prog_cxx_g=yes
ac_cv_prog_egrep='grep -E'
ac_cv_prog_make_make_set=yes
ac_cv_search_opendir='none required'
am_cv_CC_dependencies_compiler_type=gcc3
am_cv_CXX_dependencies_compiler_type=gcc3

## ----------------- ##
## Output variables. ##
## ----------------- ##

ACLOCAL='${SHELL} /home/jw/src/cvs/prt-get/missing --run aclocal-1.7'
AMDEPBACKSLASH='\'
AMDEP_FALSE='#'
AMDEP_TRUE=''
AMTAR='${SHELL} /home/jw/src/cvs/prt-get/missing --run tar'
AUTOCONF='${SHELL} /home/jw/src/cvs/prt-get/missing --run autoconf'
AUTOHEADER='${SHELL} /home/jw/src/cvs/prt-get/missing --run autoheader'
AUTOMAKE='${SHELL} /home/jw/src/cvs/prt-get/missing --run automake-1.7'
AWK='gawk'
CC='gcc'
CCDEPMODE='depmode=gcc3'
CFLAGS='-g -O2 '
CPP='gcc -E'
CPPFLAGS=''
CXX='g++'
CXXDEPMODE='depmode=gcc3'
CXXFLAGS='-g -O2 '
CYGPATH_W='echo'
DEFS='-DHAVE_CONFIG_H'
DEPDIR='.deps'
ECHO_C=''
ECHO_N='-n'
ECHO_T=''
EGREP='grep -E'
EXEEXT=''
INSTALL_DATA='${INSTALL} -m 644'
INSTALL_PROGRAM='${INSTALL}'
INSTALL_SCRIPT='${INSTALL}'
INSTALL_STRIP_PROGRAM='${SHELL} $(install_sh) -c -s'
LDFLAGS='   '
LIBOBJS=''
LIBS=' '
LTLIBOBJS=''
MAKEINFO='${SHELL} /home/jw/src/cvs/prt-get/missing --run makeinfo'
OBJEXT='o'
PACKAGE='prt-get'
PACKAGE_BUGREPORT=''
PACKAGE_NAME=''
PACKAGE_STRING=''
PACKAGE_TARNAME=''
PACKAGE_VERSION=''
PATH_SEPARATOR=':'
SET_MAKE=''
SHELL='/bin/sh'
STRIP=''
VERSION='0.5.2pre1'
ac_ct_CC='gcc'
ac_ct_CXX='g++'
ac_ct_STRIP=''
am__fastdepCC_FALSE='#'
am__fastdepCC_TRUE=''
am__fastdepCXX_FALSE='#'
am__fastdepCXX_TRUE=''
am__include='include'
am__leading_dot='.'
am__quote=''
bindir='${exec_prefix}/bin'
build_alias=''
datadir='${prefix}/share'
exec_prefix='${prefix}'
host_alias=''
includedir='${prefix}/include'
infodir='${prefix}/info'
install_sh='/home/jw/src/cvs/prt-get/install-sh'
libdir='${exec_prefix}/lib'
libexecdir='${exec_prefix}/libexec'
localstatedir='${prefix}/var'
mandir='${prefix}/man'
oldincludedir='/usr/include'
prefix='/usr/local'
program_transform_name='s,x,x,'
sbindir='${exec_prefix}/sbin'
sharedstatedir='${prefix}/com'
sysconfdir='${prefix}/etc'
target_alias=''

## ----------- ##
## confdefs.h. ##
## ----------- ##

#define HAVE_DIRENT_H 1
#define HAVE_DIRENT_H 1
#define HAVE_FCNTL_H 1
#define HAVE_FNMATCH_H 1
#define HAVE_INTTYPES_H 1
#define HAVE_MEMORY_H 1
#define HAVE_SIGNAL_H 1
#define HAVE_STDINT_H 1
#define HAVE_STDIO_H 1
#define HAVE_STDLIB_H 1
#define HAVE_STRINGS_H 1
#define HAVE_STRING_H 1
#define HAVE_SYS_STAT_H 1
#define HAVE_SYS_STAT_H 1
#define HAVE_SYS_TYPES_H 1
#define HAVE_SYS_TYPES_H 1
#define HAVE_UNISTD_H 1
#define HAVE_UNISTD_H 1
#define PACKAGE "prt-get"
#define PACKAGE_BUGREPORT ""
#define PACKAGE_NAME ""
#define PACKAGE_STRING ""
#define PACKAGE_TARNAME ""
#define PACKAGE_VERSION ""
#define STDC_HEADERS 1
#define VERSION "0.5.2pre1"
#endif
#ifdef __cplusplus
#include <stdlib.h>

configure: exit 0

## ---------------------- ##
## Running config.status. ##
## ---------------------- ##

This file was extended by config.status, which was
generated by GNU Autoconf 2.57.  Invocation command line was

  CONFIG_FILES    = 
  CONFIG_HEADERS  = 
  CONFIG_LINKS    = 
  CONFIG_COMMANDS = 
  $ ./config.status Makefile

on hoc

config.status:661: creating Makefile

## ---------------------- ##
## Running config.status. ##
## ---------------------- ##

This file was extended by config.status, which was
generated by GNU Autoconf 2.57.  Invocation command line was

  CONFIG_FILES    = 
  CONFIG_HEADERS  = 
  CONFIG_LINKS    = 
  CONFIG_COMMANDS = 
  $ ./config.status src/Makefile depfiles

on hoc

config.status:661: creating src/Makefile
config.status:1008: executing depfiles commands

## ---------------------- ##
## Running config.status. ##
## ---------------------- ##

This file was extended by config.status, which was
generated by GNU Autoconf 2.57.  Invocation command line was

  CONFIG_FILES    = 
  CONFIG_HEADERS  = 
  CONFIG_LINKS    = 
  CONFIG_COMMANDS = 
  $ ./config.status doc/Makefile

on hoc

config.status:661: creating doc/Makefile

## ---------------------- ##
## Running config.status. ##
## ---------------------- ##

This file was extended by config.status, which was
generated by GNU Autoconf 2.57.  Invocation command line was

  CONFIG_FILES    = 
  CONFIG_HEADERS  = 
  CONFIG_LINKS    = 
  CONFIG_COMMANDS = 
  $ ./config.status misc/Makefile

on hoc

config.status:661: creating misc/Makefile
